<?xml version="1.0" encoding="UTF-8"?>
<testng-results ignored="0" total="2" passed="2" failed="0" skipped="0">
  <reporter-output>
  </reporter-output>
  <suite started-at="2024-04-28T19:22:59 WIB" name="Default suite" finished-at="2024-04-28T19:23:18 WIB" duration-ms="19443">
    <groups>
    </groups>
    <test started-at="2024-04-28T19:22:59 WIB" name="Default test" finished-at="2024-04-28T19:23:18 WIB" duration-ms="19443">
      <class name="APITest.AppTest">
        <test-method is-config="true" signature="setup()[pri:0, instance:APITest.AppTest@7a8136b3]" started-at="2024-04-28T19:22:59 WIB" name="setup" finished-at="2024-04-28T19:23:03 WIB" duration-ms="4268" status="PASS">
          <reporter-output>
          </reporter-output>
        </test-method> <!-- setup -->
        <test-method signature="testCreateUserWithInvalidAppId()[pri:0, instance:APITest.AppTest@7a8136b3]" started-at="2024-04-28T19:23:03 WIB" name="testCreateUserWithInvalidAppId" finished-at="2024-04-28T19:23:17 WIB" duration-ms="13655" status="PASS">
          <reporter-output>
          </reporter-output>
        </test-method> <!-- testCreateUserWithInvalidAppId -->
        <test-method signature="testCreateUserWithoutAppId()[pri:0, instance:APITest.AppTest@7a8136b3]" started-at="2024-04-28T19:23:17 WIB" name="testCreateUserWithoutAppId" finished-at="2024-04-28T19:23:18 WIB" duration-ms="635" status="PASS">
          <reporter-output>
          </reporter-output>
        </test-method> <!-- testCreateUserWithoutAppId -->
      </class> <!-- APITest.AppTest -->
    </test> <!-- Default test -->
  </suite> <!-- Default suite -->
</testng-results>
